2024-08-22 10:59:53 [INFO] Hi, I'm Hofn v39.1. Now time is Thu Aug 22 10:59:53 2024. Glad to be at your service
2024-08-22 10:59:54 [INFO] A new task has been detected, Hofn will generate the relation between Cell coverage & geometries.
2024-08-22 10:59:54 [ERROR] NT2_GEO_POLYGON.tsv file does not exist. Please check that!
2024-08-22 10:59:54 [ERROR] No geometry data detected, Hofn task will be canceled
2024-08-22 11:00:28 [INFO] Hi, I'm Hofn v39.1. Now time is Thu Aug 22 11:00:28 2024. Glad to be at your service
2024-08-22 11:00:29 [INFO] A new task has been detected, Hofn will generate the relation between Cell coverage & geometries.
2024-08-22 11:00:29 [ERROR] NT2_GEO_POLYGON.tsv file does not exist. Please check that!
2024-08-22 11:00:29 [ERROR] No geometry data detected, Hofn task will be canceled
2024-08-22 11:02:01 [INFO] Hi, I'm Hofn v39.1. Now time is Thu Aug 22 11:02:01 2024. Glad to be at your service
2024-08-22 11:02:02 [INFO] A new task has been detected, Hofn will generate the relation between Cell coverage & geometries.
2024-08-22 11:02:02 [ERROR] NT2_GEO_POLYGON.tsv file does not exist. Please check that!
2024-08-22 11:02:02 [ERROR] No geometry data detected, Hofn task will be canceled
2024-08-22 11:02:21 [INFO] Hi, I'm Hofn v39.1. Now time is Thu Aug 22 11:02:21 2024. Glad to be at your service
2024-08-22 11:02:22 [INFO] A new task has been detected, Hofn will generate the relation between Cell coverage & geometries.
2024-08-22 11:02:22 [ERROR] NT2_GEO_POLYGON.tsv file does not exist. Please check that!
2024-08-22 11:02:22 [ERROR] No geometry data detected, Hofn task will be canceled
2024-08-22 11:03:05 [INFO] Hi, I'm Hofn v39.1. Now time is Thu Aug 22 11:03:05 2024. Glad to be at your service
2024-08-22 11:03:06 [INFO] A new task has been detected, Hofn will generate the relation between Cell coverage & geometries.
2024-08-22 11:03:06 [INFO] OSM file loading...
2024-08-22 11:03:07 [INFO] Hofn_type 1(water) detected, Polygon number: 710
2024-08-22 11:03:07 [INFO] 	100.0 % from OSM
2024-08-22 11:03:07 [INFO] Hofn_type 5(island) detected, Polygon number: 27
2024-08-22 11:03:07 [INFO] 	100.0 % from OSM
2024-08-22 11:03:07 [INFO] Hofn_type 6(tunnel) detected, Linestring number: 2212
2024-08-22 11:03:07 [INFO] 	100.0 % from OSM
2024-08-22 11:03:07 [INFO] Hofn_type 7(road) detected, Linestring number: 3230
2024-08-22 11:03:07 [INFO] 	100.0 % from OSM
2024-08-22 11:03:07 [INFO] Hofn_type 11(village) detected, Polygon number: 16272
2024-08-22 11:03:07 [INFO] 	100.0 % from OSM
2024-08-22 11:03:07 [INFO] Hofn_type 14(railway) detected, Linestring number: 12782
2024-08-22 11:03:07 [INFO] 	100.0 % from OSM
2024-08-22 11:03:07 [INFO] GEO GeoDataFrame has been established, geometries number: 35233, country: Switzerland

2024-08-22 11:03:08 [INFO] LTE program start! Let's go bae!
2024-08-22 11:03:08 [INFO] POLYGON_STR column: undisplay
2024-08-22 11:03:08 [INFO] ---
2024-08-22 11:03:08 [INFO] HOFN_CELL_INFO_LTE process starting
2024-08-22 11:03:11 [INFO] HOFN_CELL_INFO_LTE.csv file has been generated, run time: 2.372s, total cells number : 24996
2024-08-22 11:03:11 [INFO] ---
2024-08-22 11:03:11 [INFO] outdoor cells process starting
2024-08-22 11:03:21 [INFO] Multi-antenna condition detected, cells number: 57
2024-08-22 11:03:23 [INFO] boundcircle GeoDataFrame has been established, run time: 12.656s, outdoor cells number : 23790
2024-08-22 11:03:24 [INFO] ---
2024-08-22 11:03:24 [INFO] indoor cells process starting
2024-08-22 11:03:24 [INFO] location GeoDataFrame has been established, run time: 0.635s
2024-08-22 11:03:24 [INFO] indoor cells number: 1149, MRT cells number: 0, tunnel cells number: 725, IB cells number: 1028
2024-08-22 11:03:24 [INFO] ---
2024-08-22 11:03:24 [INFO] Hofn module process starting
2024-08-22 11:03:34 [INFO] 	LTE HOFN_1 process finished! result lines count: 318644
2024-08-22 11:03:37 [INFO] 	LTE HOFN_5 process finished! result lines count: 3918
2024-08-22 11:03:38 [INFO] 	LTE HOFN_6 process finished! result lines count: 1056
2024-08-22 11:03:50 [INFO] 	LTE HOFN_7 process finished! result lines count: 709705
2024-08-22 11:28:30 [INFO] 	LTE HOFN_11 process finished! result lines count: 1440935
2024-08-22 11:29:14 [INFO] 	LTE HOFN_14 process finished! result lines count: 2848796
2024-08-22 11:29:21 [INFO] NT2_CELL_POLYGON_LTE.tsv data output has finished

2024-08-22 11:29:21 [INFO] Run time: 1574.536s
